   ----- MGMR3D_fit release of v5.1, March 2023      -------------------------
   ----- run on 19/ 7/2025 , started at 14: 9:42.253 -------------------------
Mesh in height, number=2000, stepsize=10.0[m], max height=20.0[km]
Mesh in distance from core, number= 80, stepsize= 10.0[m]
 Gaisser-Hillas parametrization used for long. sh. profile with X_0=   100.00000000000000      , lambda=   100.00000000000000     
&SHPARS
 OUTFILELABEL="SIM000001 ",
 TEST=F,
 ATMHEI_DIM=2000       ,
 ATMHEI_STEP=  10.000000000000000     ,
 SELECTFH=4          ,
 LAM_TC=  5.0000000000000003E-002,
 LAM_100=  7.0000000000000000     ,
 XDEPALPHA=  0.0000000000000000     ,
 INTEGRATECURRENT= -1.0000000000000000E-002,
 PANCAKEINCFIELD= 0.40999999999999998     ,
 OBSDIST_DIM=80         ,
 OBSDIST_STEP=  10.000000000000000     ,
 TTRACE_STEP=  2.0000000000000000E-002,
 LAMX=  100.00000000000000     ,
 U0=  10.000000000000000     ,
 A_CHX=  2.5000000000000000     ,
 J0Q= 0.20999999999999999     ,
 PADDING=5000       ,
 D_ESMOOTH= 0.40000000000000002     ,
 ALTERNATIVESMOOTH=T,
 U0=  10.000000000000000     ,
 F_LIM=  1.0000000000000000     ,
 NU_MIN=  30.000000000000000     ,
 NU_MAX=  80.000000000000000     ,
 SAMPLINGTIME=  5.0000000000000000     ,
 STPARRANGE=-11        ,
 VOLTAGES=F,
 RH0=  2.9200000000000000E-004,
 MOLIERERADIUS=  0.0000000000000000     ,
 J0T=  14.770000000000000     ,
 GROUNDLEVEL=  7.5999999999999996     ,
 X_0=  100.00000000000000     ,
 X_MAX=  643.12000000000000     ,
 RNRMA=  3.2500000000000000     ,
 RNRMB= 0.65000000000000002     ,
 ZEN_SH=  0.0000000000000000     ,
 AZI_SH=  0.0000000000000000     ,
 ZEN_B=  22.190000000000001     ,
 AZI_B= -90.000000000000000     ,
 INTENSITY_WEIGHT=F,
 NOISEPOWER= -1.0000000000000000     ,
 ENERGY_SH=  317417500.00000000     ,
 RL_PARAM=F,
 R_0=  0.0000000000000000     ,
 L_0=  0.0000000000000000     ,
 FIT_STI=F,
 X_02=  200.00000000000000     ,
 LAMX2=  10.000000000000000     ,
 X_MAX2=  500.00000000000000     ,
 ENERGY_SH2= -231741750.00000000     ,
 /
 E-fields entered in steped-layer mode, smoothing parameter=  0.40
 Derived true E-fields from E-field steps:
 LIBRARY=
possible fit parameters:
    J0Q,    lamx,     X_0,   X_max, D_ESmth,      u0, XDepAlp, MollyRd, Shift_x, Shift_y, 
h_frc-1, h_frc-2, h_frc-3, h_frc-4, Force-1, Force-2, Force-3, Force-4, a_frc-1, a_frc-2, 
a_frc-3, a_frc-4, 
 No Pulse time traces written to file=plot/FitResultttrace-ddd-ttt.csv
 Shower current structure written to file=plot/sh_Current.dat
 data read from file=data/data_275251207_cut.dat
 data comparison written to file=plot/FitResult.dat
 !GiaId:   275251207 azimuth=  -43.229348874547327      zenith=   37.507173393529868     
components vShower & B (East, North, UP)=(  0.444 -0.417  0.793) & (  0.000 -0.378  0.926)
alpha_Bz=217.5deg, sin(alpha_Bs)=
Sin_Bz-test=  -0.37069  -0.37069
vBxvvB_z-test=   0.79328   0.79328
alpha_vB= 26.9deg, sin(alpha_vB)= 0.45
components vxB & vxvxB (East, North, UP)=( -0.191 -0.909 -0.371) & (  0.876  0.013 -0.483)
 reading antennas is finished
 reading scintillators is finished
 event number=   275251207  , # antennas=         212  , # scintillators=           0 , Zenith angle=  0.65462366883351109     

   start Initialize @ 14: 9:42.255 -------------------------
last true basis-grid time= 377.695, last observer time= 426.962[ns]
Refractivity at sea level=   2.920x 10^{-4}, Moliere radius=   0.0[m], J0Q= 0.2100
f(h) shape 4 with L=0.05[m], L@100m= 7.00[m] index for X-dependence =0.00
parametrization radial dependence of \lambda; @r=0: 0.05, @r= 1.0m: 0.07, @r= 800.0m:  56.0
Estimated penetration depth offset at topheight=  135.8    , air density at ground= 0.1228    
 !!! Warning, X_0=   100.00000000000000       falls above topheight !!!
 Initialize_shower:AtmHei_dim=        2000   100.00000000000000        135.98759232599468        463.84358360983833     
 NP_F=  0.15000000596046448       in "NPart*(1. +NP_F*(rho(1)/rho(i))*(Force_x(i)**2 + ..."
 X_max= 643.12, X_0= 100.00, D=  7.030[km], H=  5.577[km], E= 3.17E+08[GeV], FootShift (x,y)=(  -57.41, -113.28) [m], density@Xmax/.06=  1.15  0.01690
Charge excess max@   6.42[km]= 686.9[g/cm^2]
 Curr_Xmax= 633.33, D=  7.180[km], H=  5.696[km], F_max=0.067 x 100 keV/m, cos_Zen=0.79 Peak current in x and y:  0.8511E+07   0.000    
No integrated charge dipole included
 Moli_tc is set automatically to    50.000000000000000       m, distance from ground to X_max=   7.0300000000000002       km
Zenith angle= 37.507 degree
Mesh in observer-time, number before start= 5000, total #=6400, stepsize=0.067[ns], total length of calculated signal= 427.0[ns]
Down-sampling to5.000[ns], Frequency range upto   0.1[GHz], in steps of   0.9[MHz]
Frequency filter from  29.6[MHz] till    80.[MHz]
window size of -11 used for calculating observables
i_ant=  1, d=   241.7[m], phi=  -115.2[deg], I,Q/I,V/I,U/I=   0.7686E+11   0.8427  -0.4551  -0.2831; Data:   0.5566E-07  -0.4295  -0.4870   0.7434
i_ant=  2, d=   226.2[m], phi=  -113.8[deg], I,Q/I,V/I,U/I=   0.1026E+12   0.8491  -0.4526  -0.2681; Data:   0.7195E-07  -0.3529  -0.4694   0.8006
i_ant=  3, d=   223.9[m], phi=  -109.8[deg], I,Q/I,V/I,U/I=   0.1104E+12   0.8472  -0.4589  -0.2636; Data:   0.5425E-07  -0.6086  -0.2036   0.7560
i_ant=  4, d=   225.1[m], phi=  -108.6[deg], I,Q/I,V/I,U/I=   0.1094E+12   0.8460  -0.4609  -0.2639; Data:   0.5846E-07  -0.5679  -0.1965   0.7362
i_ant=  5, d=   235.5[m], phi=  -107.1[deg], I,Q/I,V/I,U/I=   0.9252E+11   0.8401  -0.4666  -0.2721; Data:   0.5896E-07  -0.6103  -0.2363   0.7055
i_ant=  6, d=   248.7[m], phi=  -107.1[deg], I,Q/I,V/I,U/I=   0.7319E+11   0.8342  -0.4694  -0.2847; Data:   0.5637E-07  -0.2767  -0.5614   0.7616
i_ant=  7, d=   256.4[m], phi=  -107.5[deg], I,Q/I,V/I,U/I=   0.6383E+11   0.8317  -0.4690  -0.2922; Data:   0.5005E-07  -0.2528  -0.3983   0.8601
i_ant=  8, d=   260.7[m], phi=  -110.5[deg], I,Q/I,V/I,U/I=   0.5748E+11   0.8315  -0.4645  -0.2993; Data:   0.4977E-07  -0.3766  -0.2659   0.8646
i_ant=  9, d=   261.8[m], phi=  -112.2[deg], I,Q/I,V/I,U/I=   0.5554E+11   0.8324  -0.4614  -0.3016; Data:   0.5974E-07  -0.4740  -0.4288   0.7228
i_ant= 10, d=   255.9[m], phi=  -114.0[deg], I,Q/I,V/I,U/I=   0.6068E+11   0.8362  -0.4579  -0.2967; Data:   0.4596E-07  -0.3670  -0.4725   0.7550
i_ant= 11, d=   255.5[m], phi=  -115.8[deg], I,Q/I,V/I,U/I=   0.6011E+11   0.8384  -0.4537  -0.2969; Data:   0.5570E-07  -0.5627  -0.1049   0.8072
i_ant= 12, d=   243.2[m], phi=  -116.8[deg], I,Q/I,V/I,U/I=   0.7367E+11   0.8441  -0.4512  -0.2850; Data:   0.5160E-07  -0.4851  -0.3276   0.8014
i_ant= 13, d=   230.7[m], phi=  -116.4[deg], I,Q/I,V/I,U/I=   0.9274E+11   0.8496  -0.4484  -0.2735; Data:   0.5637E-07  -0.4229  -0.5174   0.7196
i_ant= 14, d=   219.3[m], phi=  -114.1[deg], I,Q/I,V/I,U/I=   0.1145E+12   0.8528  -0.4500  -0.2609; Data:   0.6784E-07  -0.6130  -0.2206   0.7525
i_ant= 15, d=   223.0[m], phi=  -107.7[deg], I,Q/I,V/I,U/I=   0.1143E+12   0.8467  -0.4614  -0.2610; Data:   0.6924E-07  -0.3811  -0.2687   0.8432
i_ant= 16, d=   233.1[m], phi=  -105.3[deg], I,Q/I,V/I,U/I=   0.9824E+11   0.8411  -0.4673  -0.2683; Data:   0.5690E-07  -0.5081  -0.3792   0.7396
i_ant= 17, d=   256.1[m], phi=  -105.9[deg], I,Q/I,V/I,U/I=   0.6518E+11   0.8314  -0.4708  -0.2901; Data:   0.6006E-07  -0.5259  -0.3446   0.7550
i_ant= 18, d=   263.3[m], phi=  -107.8[deg], I,Q/I,V/I,U/I=   0.5625E+11   0.8292  -0.4686  -0.2995; Data:   0.3830E-07  -0.5593  -0.3275   0.7461
i_ant= 19, d=   269.8[m], phi=  -110.9[deg], I,Q/I,V/I,U/I=   0.4861E+11   0.8280  -0.4639  -0.3094; Data:   0.4885E-07  -0.4619  -0.3050   0.8132
i_ant= 20, d=   264.4[m], phi=  -114.5[deg], I,Q/I,V/I,U/I=   0.5191E+11   0.8336  -0.4565  -0.3056; Data:   0.4634E-07  -0.1299  -0.2488   0.9359
i_ant= 21, d=   261.6[m], phi=  -117.5[deg], I,Q/I,V/I,U/I=   0.5310E+11   0.8384  -0.4491  -0.3033; Data:   0.5928E-07  -0.3854  -0.3071   0.8458
i_ant= 22, d=   247.1[m], phi=  -118.2[deg], I,Q/I,V/I,U/I=   0.6805E+11   0.8445  -0.4478  -0.2890; Data:   0.4774E-07  -0.6676  -0.3308   0.6549
i_ant= 23, d=   232.6[m], phi=  -118.1[deg], I,Q/I,V/I,U/I=   0.8820E+11   0.8509  -0.4448  -0.2752; Data:   0.7384E-07  -0.3418  -0.3050   0.8816
i_ant= 24, d=   224.9[m], phi=  -117.7[deg], I,Q/I,V/I,U/I=   0.1012E+12   0.8542  -0.4435  -0.2674; Data:   0.6021E-07  -0.4749  -0.2096   0.8471
i_ant= 25, d=   235.8[m], phi=  -103.1[deg], I,Q/I,V/I,U/I=   0.9542E+11   0.8397  -0.4699  -0.2678; Data:   0.6268E-07  -0.5038  -0.3401   0.7906
i_ant= 26, d=   254.5[m], phi=  -103.7[deg], I,Q/I,V/I,U/I=   0.6832E+11   0.8319  -0.4727  -0.2859; Data:   0.4154E-07  -0.4031  -0.3167   0.8232
i_ant= 27, d=   272.9[m], phi=  -107.1[deg], I,Q/I,V/I,U/I=   0.4747E+11   0.8253  -0.4694  -0.3084; Data:   0.4788E-07  -0.5428  -0.3572   0.7520
i_ant= 28, d=   274.4[m], phi=  -113.1[deg], I,Q/I,V/I,U/I=   0.4366E+11   0.8286  -0.4590  -0.3149; Data:   0.4539E-07  -0.3280  -0.4420   0.8151
i_ant= 29, d=   269.8[m], phi=  -114.1[deg], I,Q/I,V/I,U/I=   0.4720E+11   0.8308  -0.4575  -0.3115; Data:   0.4119E-07  -0.5658  -0.6651   0.4654
i_ant= 30, d=   274.4[m], phi=  -115.0[deg], I,Q/I,V/I,U/I=   0.4295E+11   0.8306  -0.4547  -0.3158; Data:   0.4602E-07  -0.4154  -0.5372   0.7241
i_ant= 31, d=   205.4[m], phi=  -115.8[deg], I,Q/I,V/I,U/I=   0.1408E+12   0.8644  -0.4386  -0.2424; Data:   0.6159E-07  -0.6166  -0.4280   0.6332
i_ant= 32, d=   202.9[m], phi=  -111.4[deg], I,Q/I,V/I,U/I=   0.1524E+12   0.8619  -0.4457  -0.2384; Data:   0.6571E-07  -0.5296  -0.2614   0.7760
i_ant= 33, d=   251.1[m], phi=  -102.8[deg], I,Q/I,V/I,U/I=   0.7295E+11   0.8330  -0.4732  -0.2817; Data:   0.5510E-07  -0.6893  -0.2004   0.6701
i_ant= 34, d=   267.1[m], phi=  -103.5[deg], I,Q/I,V/I,U/I=   0.5468E+11   0.8270  -0.4733  -0.2980; Data:   0.4225E-07  -0.4927  -0.4773   0.6213
i_ant= 35, d=   182.8[m], phi=  -138.1[deg], I,Q/I,V/I,U/I=   0.1696E+12   0.9224  -0.3377  -0.1847; Data:   0.6113E-07  -0.6272  -0.2907   0.7105
i_ant= 36, d=   143.6[m], phi=  -140.7[deg], I,Q/I,V/I,U/I=   0.2859E+12   0.9462  -0.3010  -0.1168; Data:   0.6596E-07  -0.5961  -0.4354   0.6617
i_ant= 37, d=   146.9[m], phi=  -135.2[deg], I,Q/I,V/I,U/I=   0.2855E+12   0.9343  -0.3313  -0.1294; Data:   0.5064E-07  -0.4387  -0.6518   0.6108
i_ant= 38, d=   150.9[m], phi=  -132.4[deg], I,Q/I,V/I,U/I=   0.2774E+12   0.9274  -0.3464  -0.1387; Data:   0.5574E-07  -0.4596  -0.4644   0.7281
i_ant= 39, d=   166.5[m], phi=  -129.6[deg], I,Q/I,V/I,U/I=   0.2319E+12   0.9145  -0.3653  -0.1711; Data:   0.6297E-07  -0.3799  -0.4637   0.7810
i_ant= 40, d=   187.5[m], phi=  -136.5[deg], I,Q/I,V/I,U/I=   0.1605E+12   0.9163  -0.3481  -0.1954; Data:   0.8153E-07  -0.5470  -0.2500   0.7873
i_ant= 41, d=   188.8[m], phi=  -139.0[deg], I,Q/I,V/I,U/I=   0.1544E+12   0.9219  -0.3351  -0.1919; Data:   0.6424E-07  -0.5190  -0.3162   0.7777
i_ant= 42, d=   173.8[m], phi=  -145.5[deg], I,Q/I,V/I,U/I=   0.1857E+12   0.9454  -0.2873  -0.1514; Data:   0.4838E-07  -0.6032  -0.4788   0.5898
i_ant= 43, d=   161.3[m], phi=  -147.4[deg], I,Q/I,V/I,U/I=   0.2200E+12   0.9540  -0.2699  -0.1287; Data:   0.5717E-07  -0.7106  -0.4752   0.5109
i_ant= 44, d=   148.1[m], phi=  -145.7[deg], I,Q/I,V/I,U/I=   0.2628E+12   0.9547  -0.2748  -0.1120; Data:   0.5505E-07  -0.6167  -0.4316   0.6414
i_ant= 45, d=   140.9[m], phi=  -143.5[deg], I,Q/I,V/I,U/I=   0.2898E+12   0.9525  -0.2837  -0.1088; Data:   0.5719E-07  -0.5627  -0.4697   0.6652
i_ant= 46, d=   138.3[m], phi=  -138.8[deg], I,Q/I,V/I,U/I=   0.3064E+12   0.9446  -0.3072  -0.1133; Data:   0.5376E-07  -0.5452  -0.2432   0.7932
i_ant= 47, d=   141.1[m], phi=  -132.3[deg], I,Q/I,V/I,U/I=   0.3111E+12   0.9318  -0.3397  -0.1258; Data:   0.5607E-07  -0.6540  -0.4936   0.5606
i_ant= 48, d=   189.0[m], phi=  -132.7[deg], I,Q/I,V/I,U/I=   0.1618E+12   0.9064  -0.3676  -0.2051; Data:   0.5955E-07  -0.3226  -0.5036   0.7965
i_ant= 49, d=   193.2[m], phi=  -134.7[deg], I,Q/I,V/I,U/I=   0.1482E+12   0.9082  -0.3614  -0.2082; Data:   0.6032E-07  -0.5151  -0.3019   0.7525
i_ant= 50, d=   193.0[m], phi=  -140.3[deg], I,Q/I,V/I,U/I=   0.1425E+12   0.9227  -0.3309  -0.1950; Data:   0.5967E-07  -0.5897  -0.3735   0.6826
i_ant= 51, d=   187.8[m], phi=  -145.5[deg], I,Q/I,V/I,U/I=   0.1498E+12   0.9393  -0.2953  -0.1721; Data:   0.6404E-07  -0.4371  -0.3750   0.7671
i_ant= 52, d=   169.7[m], phi=  -148.2[deg], I,Q/I,V/I,U/I=   0.1952E+12   0.9536  -0.2669  -0.1374; Data:   0.5921E-07  -0.3953  -0.5118   0.7121
i_ant= 53, d=   139.2[m], phi=  -147.4[deg], I,Q/I,V/I,U/I=   0.2883E+12   0.9608  -0.2585  -0.0987; Data:   0.4827E-07  -0.5905  -0.6189   0.4981
i_ant= 54, d=   128.5[m], phi=  -138.0[deg], I,Q/I,V/I,U/I=   0.3371E+12   0.9474  -0.3031  -0.1004; Data:   0.4119E-07  -0.5218  -0.5375   0.5966
i_ant= 55, d=   144.5[m], phi=  -127.9[deg], I,Q/I,V/I,U/I=   0.3090E+12   0.9232  -0.3592  -0.1343; Data:   0.5909E-07  -0.5465  -0.5287   0.6333
i_ant= 56, d=   151.1[m], phi=  -127.9[deg], I,Q/I,V/I,U/I=   0.2861E+12   0.9197  -0.3645  -0.1438; Data:   0.7048E-07  -0.5476  -0.3853   0.7369
i_ant= 57, d=   151.1[m], phi=  -125.5[deg], I,Q/I,V/I,U/I=   0.2913E+12   0.9161  -0.3727  -0.1457; Data:   0.6173E-07  -0.4650  -0.4823   0.7182
i_ant= 58, d=   189.3[m], phi=  -127.6[deg], I,Q/I,V/I,U/I=   0.1678E+12   0.8955  -0.3893  -0.2127; Data:   0.6641E-07  -0.5626  -0.3958   0.7138
i_ant= 59, d=   203.6[m], phi=  -139.9[deg], I,Q/I,V/I,U/I=   0.1183E+12   0.9155  -0.3406  -0.2108; Data:   0.5561E-07  -0.5331  -0.4057   0.7102
i_ant= 60, d=   197.5[m], phi=  -144.2[deg], I,Q/I,V/I,U/I=   0.1275E+12   0.9306  -0.3108  -0.1905; Data:   0.7913E-07  -0.5917  -0.3748   0.6975
i_ant= 61, d=   141.4[m], phi=  -149.4[deg], I,Q/I,V/I,U/I=   0.2785E+12   0.9639  -0.2473  -0.0967; Data:   0.3760E-07  -0.6991  -0.5822   0.3826
i_ant= 62, d=   127.0[m], phi=  -146.3[deg], I,Q/I,V/I,U/I=   0.3254E+12   0.9626  -0.2565  -0.0856; Data:   0.5712E-07  -0.6608  -0.6543   0.3539
i_ant= 63, d=   312.5[m], phi=  -127.5[deg], I,Q/I,V/I,U/I=   0.1820E+11   0.8467  -0.4029  -0.3418; Data:   0.3887E-07  -0.5775   0.0063   0.7837
i_ant= 64, d=   322.8[m], phi=  -125.2[deg], I,Q/I,V/I,U/I=   0.1514E+11   0.8389  -0.4090  -0.3535; Data:   0.2362E-07  -0.5776  -0.5073   0.5804
i_ant= 65, d=   346.9[m], phi=  -127.8[deg], I,Q/I,V/I,U/I=   0.8879E+10   0.8414  -0.3889  -0.3700; Data:   0.2475E-07  -0.6844  -0.5493   0.3531
i_ant= 66, d=   344.7[m], phi=  -129.9[deg], I,Q/I,V/I,U/I=   0.9133E+10   0.8483  -0.3794  -0.3641; Data:   0.1629E-07  -0.6195  -0.4628   0.6071
i_ant= 67, d=   342.0[m], phi=  -131.2[deg], I,Q/I,V/I,U/I=   0.9588E+10   0.8528  -0.3741  -0.3591; Data:   0.2073E-07  -0.6869  -0.5274   0.3950
i_ant= 68, d=   327.9[m], phi=  -131.6[deg], I,Q/I,V/I,U/I=   0.1287E+11   0.8568  -0.3769  -0.3464; Data:   0.2401E-07  -0.7515  -0.3928   0.4553
i_ant= 69, d=   319.9[m], phi=  -131.6[deg], I,Q/I,V/I,U/I=   0.1513E+11   0.8575  -0.3808  -0.3406; Data:   0.2466E-07  -0.6200  -0.3496   0.6512
i_ant= 70, d=   313.4[m], phi=  -130.3[deg], I,Q/I,V/I,U/I=   0.1744E+11   0.8544  -0.3898  -0.3378; Data:   0.2300E-07  -0.4964  -0.4316   0.7366
i_ant= 71, d=   305.7[m], phi=  -129.8[deg], I,Q/I,V/I,U/I=   0.2043E+11   0.8553  -0.3933  -0.3315; Data:   0.3533E-07  -0.7716  -0.1555   0.5683
i_ant= 72, d=   305.4[m], phi=  -127.4[deg], I,Q/I,V/I,U/I=   0.2101E+11   0.8486  -0.4044  -0.3352; Data:   0.3101E-07  -0.3112  -0.2431   0.8044
i_ant= 73, d=   316.7[m], phi=  -124.6[deg], I,Q/I,V/I,U/I=   0.1720E+11   0.8386  -0.4135  -0.3490; Data:   0.2840E-07  -0.6578  -0.0838   0.7457
i_ant= 74, d=   324.2[m], phi=  -124.0[deg], I,Q/I,V/I,U/I=   0.1488E+11   0.8358  -0.4132  -0.3559; Data:   0.2521E-07  -0.7911  -0.3537   0.4747
i_ant= 75, d=   340.7[m], phi=  -124.9[deg], I,Q/I,V/I,U/I=   0.1042E+11   0.8350  -0.4030  -0.3690; Data:   0.2463E-07  -0.3156  -0.3978   0.8266
i_ant= 76, d=   347.0[m], phi=  -125.7[deg], I,Q/I,V/I,U/I=   0.9020E+10   0.8356  -0.3981  -0.3733; Data:   0.1877E-07  -0.7056  -0.2235   0.6494
i_ant= 77, d=   354.5[m], phi=  -127.5[deg], I,Q/I,V/I,U/I=   0.7542E+10   0.8394  -0.3876  -0.3758; Data:   0.1550E-07  -0.7671  -0.4175   0.3704
i_ant= 78, d=   349.2[m], phi=  -131.2[deg], I,Q/I,V/I,U/I=   0.8172E+10   0.8514  -0.3716  -0.3650; Data:   0.1895E-07  -0.8185  -0.3306   0.4005
i_ant= 79, d=   339.6[m], phi=  -132.3[deg], I,Q/I,V/I,U/I=   0.9982E+10   0.8569  -0.3690  -0.3545; Data:   0.1486E-07  -0.6772  -0.4076   0.5855
i_ant= 80, d=   324.4[m], phi=  -133.2[deg], I,Q/I,V/I,U/I=   0.1366E+11   0.8621  -0.3708  -0.3400; Data:   0.3024E-07  -0.8464  -0.2606   0.4387
i_ant= 81, d=   296.7[m], phi=  -130.6[deg], I,Q/I,V/I,U/I=   0.2422E+11   0.8596  -0.3916  -0.3225; Data:   0.3564E-07  -0.4348  -0.4345   0.7694
i_ant= 82, d=   345.0[m], phi=  -123.4[deg], I,Q/I,V/I,U/I=   0.9624E+10   0.8303  -0.4081  -0.3741; Data:   0.2144E-07  -0.5803  -0.1911   0.7369
i_ant= 83, d=   341.9[m], phi=  -134.0[deg], I,Q/I,V/I,U/I=   0.9361E+10   0.8620  -0.3597  -0.3519; Data:   0.1536E-07  -0.7688  -0.1664   0.5860
i_ant= 84, d=   333.8[m], phi=  -134.0[deg], I,Q/I,V/I,U/I=   0.1115E+11   0.8638  -0.3623  -0.3450; Data:   0.1982E-07  -0.4714  -0.4735   0.5635
i_ant= 85, d=   309.7[m], phi=  -132.8[deg], I,Q/I,V/I,U/I=   0.1831E+11   0.8627  -0.3787  -0.3295; Data:   0.2671E-07  -0.7660  -0.3284   0.5416
i_ant= 86, d=   324.0[m], phi=  -121.3[deg], I,Q/I,V/I,U/I=   0.1533E+11   0.8299  -0.4234  -0.3576; Data:   0.2375E-07  -0.6774  -0.2355   0.6719
i_ant= 87, d=   339.5[m], phi=  -121.9[deg], I,Q/I,V/I,U/I=   0.1099E+11   0.8281  -0.4154  -0.3707; Data:   0.2249E-07  -0.6351  -0.6581   0.3706
i_ant= 88, d=   363.1[m], phi=  -130.5[deg], I,Q/I,V/I,U/I=   0.6103E+10   0.8476  -0.3707  -0.3749; Data:   0.1551E-07  -0.4263  -0.3320   0.7888
i_ant= 89, d=   384.8[m], phi=  -108.0[deg], I,Q/I,V/I,U/I=   0.4665E+10   0.8029  -0.4400  -0.3975; Data:   0.9841E-08  -0.7626  -0.5062   0.3499
i_ant= 90, d=   386.5[m], phi=  -108.4[deg], I,Q/I,V/I,U/I=   0.4475E+10   0.8028  -0.4387  -0.3992; Data:   0.1460E-07  -0.7668  -0.2440   0.5353
i_ant= 91, d=   377.0[m], phi=  -110.3[deg], I,Q/I,V/I,U/I=   0.5422E+10   0.8053  -0.4383  -0.3945; Data:   0.1455E-07  -0.8919  -0.2696   0.3563
i_ant= 92, d=   353.3[m], phi=  -105.3[deg], I,Q/I,V/I,U/I=   0.9475E+10   0.8059  -0.4555  -0.3731; Data:   0.1756E-07  -0.6467  -0.3300   0.6504
i_ant= 93, d=   367.3[m], phi=  -104.8[deg], I,Q/I,V/I,U/I=   0.7018E+10   0.8038  -0.4531  -0.3810; Data:   0.2008E-07  -0.8790  -0.2276   0.3668
i_ant= 94, d=   382.3[m], phi=  -105.8[deg], I,Q/I,V/I,U/I=   0.5024E+10   0.8026  -0.4450  -0.3927; Data:   0.1735E-07  -0.9070  -0.0533   0.2619
i_ant= 95, d=   390.2[m], phi=  -106.1[deg], I,Q/I,V/I,U/I=   0.4199E+10   0.8012  -0.4419  -0.3989; Data:   0.6447E-08  -0.8336  -0.1197   0.3369
i_ant= 96, d=   391.9[m], phi=  -108.0[deg], I,Q/I,V/I,U/I=   0.3976E+10   0.8016  -0.4378  -0.4025; Data:   0.8033E-08  -0.8119  -0.2883   0.4048
i_ant= 97, d=   387.7[m], phi=  -109.7[deg], I,Q/I,V/I,U/I=   0.4307E+10   0.8034  -0.4353  -0.4016; Data:   0.8827E-08  -0.8508  -0.2790   0.1756
i_ant= 98, d=   383.7[m], phi=  -110.5[deg], I,Q/I,V/I,U/I=   0.4676E+10   0.8047  -0.4350  -0.3994; Data:   0.8980E-08  -0.8102  -0.4502   0.3351
i_ant= 99, d=   377.3[m], phi=  -111.3[deg], I,Q/I,V/I,U/I=   0.5337E+10   0.8062  -0.4356  -0.3956; Data:   0.1523E-07  -0.7110  -0.1180   0.6359
i_ant=100, d=   359.9[m], phi=  -111.1[deg], I,Q/I,V/I,U/I=   0.7774E+10   0.8076  -0.4427  -0.3845; Data:   0.1314E-07  -0.3386  -0.7267   0.3571
i_ant=101, d=   352.5[m], phi=  -110.7[deg], I,Q/I,V/I,U/I=   0.9168E+10   0.8084  -0.4456  -0.3793; Data:   0.1368E-07  -0.7082  -0.6860   0.0265
i_ant=102, d=   342.9[m], phi=  -109.1[deg], I,Q/I,V/I,U/I=   0.1148E+11   0.8097  -0.4510  -0.3699; Data:   0.2286E-07  -0.7523  -0.5331   0.3411
i_ant=103, d=   355.5[m], phi=  -104.2[deg], I,Q/I,V/I,U/I=   0.9110E+10   0.8054  -0.4566  -0.3728; Data:   0.2093E-07  -0.7372  -0.4807  -0.0641
i_ant=104, d=   395.0[m], phi=  -109.6[deg], I,Q/I,V/I,U/I=   0.3662E+10   0.8021  -0.4332  -0.4064; Data:   0.1192E-07  -0.6620  -0.4488   0.5197
i_ant=105, d=   391.8[m], phi=  -110.7[deg], I,Q/I,V/I,U/I=   0.3891E+10   0.8035  -0.4316  -0.4054; Data:   0.6117E-08  -0.8861  -0.2950  -0.0825
i_ant=106, d=   375.8[m], phi=  -112.2[deg], I,Q/I,V/I,U/I=   0.5479E+10   0.8071  -0.4343  -0.3952; Data:   0.1961E-07  -0.9274  -0.1348   0.1977
i_ant=107, d=   358.1[m], phi=  -112.7[deg], I,Q/I,V/I,U/I=   0.7967E+10   0.8095  -0.4392  -0.3846; Data:   0.1599E-07  -0.7722  -0.3765   0.4734
i_ant=108, d=   347.0[m], phi=  -111.9[deg], I,Q/I,V/I,U/I=   0.1023E+11   0.8108  -0.4439  -0.3761; Data:   0.2026E-07  -0.7107  -0.2065   0.6667
i_ant=109, d=   343.6[m], phi=  -110.5[deg], I,Q/I,V/I,U/I=   0.1116E+11   0.8105  -0.4479  -0.3720; Data:   0.2825E-07  -0.6110  -0.3384   0.6854
i_ant=110, d=   341.0[m], phi=  -104.3[deg], I,Q/I,V/I,U/I=   0.1247E+11   0.8088  -0.4592  -0.3619; Data:   0.2273E-07  -0.4175  -0.2432   0.8450
i_ant=111, d=   382.0[m], phi=  -103.0[deg], I,Q/I,V/I,U/I=   0.5185E+10   0.8025  -0.4495  -0.3879; Data:   0.1501E-07  -0.9514   0.1646   0.1737
i_ant=112, d=   396.9[m], phi=  -111.4[deg], I,Q/I,V/I,U/I=   0.3443E+10   0.8033  -0.4280  -0.4094; Data:   0.1355E-07  -0.8050  -0.1761  -0.1421
i_ant=113, d=   382.2[m], phi=  -113.4[deg], I,Q/I,V/I,U/I=   0.4706E+10   0.8080  -0.4277  -0.4005; Data:   0.9543E-08  -0.8198  -0.3118   0.4489
i_ant=114, d=   366.4[m], phi=  -113.8[deg], I,Q/I,V/I,U/I=   0.6614E+10   0.8096  -0.4342  -0.3902; Data:   0.1426E-07  -0.7083  -0.4722   0.3346
i_ant=115, d=   328.7[m], phi=  -109.9[deg], I,Q/I,V/I,U/I=   0.1542E+11   0.8139  -0.4529  -0.3584; Data:   0.2688E-07  -0.8743  -0.1783   0.4438
i_ant=116, d=   335.5[m], phi=  -103.4[deg], I,Q/I,V/I,U/I=   0.1418E+11   0.8104  -0.4615  -0.3555; Data:   0.2349E-07  -0.7913  -0.3354   0.4658
i_ant=117, d=   320.1[m], phi=   -87.3[deg], I,Q/I,V/I,U/I=   0.2234E+11   0.8284  -0.4652  -0.3070; Data:   0.4015E-07  -0.7134  -0.1791   0.6079
i_ant=118, d=   322.3[m], phi=   -86.9[deg], I,Q/I,V/I,U/I=   0.2143E+11   0.8287  -0.4644  -0.3075; Data:   0.3493E-07  -0.7637  -0.2600   0.5430
i_ant=119, d=   335.8[m], phi=   -88.2[deg], I,Q/I,V/I,U/I=   0.1600E+11   0.8239  -0.4633  -0.3215; Data:   0.2179E-07  -0.8143  -0.3056   0.3761
i_ant=120, d=   339.8[m], phi=   -90.8[deg], I,Q/I,V/I,U/I=   0.1437E+11   0.8189  -0.4646  -0.3318; Data:   0.1857E-07  -0.8488   0.0376   0.4930
i_ant=121, d=   330.5[m], phi=   -93.0[deg], I,Q/I,V/I,U/I=   0.1720E+11   0.8186  -0.4667  -0.3298; Data:   0.2058E-07  -0.6458  -0.5448   0.5067
i_ant=122, d=   317.6[m], phi=   -93.6[deg], I,Q/I,V/I,U/I=   0.2232E+11   0.8202  -0.4701  -0.3208; Data:   0.2704E-07  -0.8732  -0.4252   0.1945
i_ant=123, d=   300.6[m], phi=   -89.8[deg], I,Q/I,V/I,U/I=   0.3236E+11   0.8305  -0.4676  -0.2975; Data:   0.3204E-07  -0.7295  -0.2300   0.5530
i_ant=124, d=   305.9[m], phi=   -88.3[deg], I,Q/I,V/I,U/I=   0.2949E+11   0.8307  -0.4670  -0.2980; Data:   0.2685E-07  -0.4819  -0.2763   0.8228
i_ant=125, d=   318.6[m], phi=   -86.0[deg], I,Q/I,V/I,U/I=   0.2326E+11   0.8309  -0.4640  -0.3024; Data:   0.2220E-07  -0.7659  -0.3712   0.3935
i_ant=126, d=   331.2[m], phi=   -86.5[deg], I,Q/I,V/I,U/I=   0.1789E+11   0.8280  -0.4620  -0.3131; Data:   0.1638E-07  -0.4483  -0.4046   0.7596
i_ant=127, d=   343.9[m], phi=   -90.9[deg], I,Q/I,V/I,U/I=   0.1316E+11   0.8178  -0.4643  -0.3351; Data:   0.1585E-07  -0.8935  -0.2216   0.1330
i_ant=128, d=   342.2[m], phi=   -92.1[deg], I,Q/I,V/I,U/I=   0.1348E+11   0.8165  -0.4650  -0.3372; Data:   0.2353E-07  -0.8518  -0.3258   0.1748
i_ant=129, d=   334.9[m], phi=   -94.1[deg], I,Q/I,V/I,U/I=   0.1556E+11   0.8162  -0.4664  -0.3359; Data:   0.2880E-07  -0.7235  -0.6075   0.2702
i_ant=130, d=   312.0[m], phi=   -94.9[deg], I,Q/I,V/I,U/I=   0.2469E+11   0.8201  -0.4714  -0.3191; Data:   0.3566E-07  -0.6901  -0.3323   0.5902
i_ant=131, d=   302.5[m], phi=   -93.6[deg], I,Q/I,V/I,U/I=   0.3019E+11   0.8250  -0.4703  -0.3080; Data:   0.3539E-07  -0.6229  -0.3730   0.6814
i_ant=132, d=   297.3[m], phi=   -87.8[deg], I,Q/I,V/I,U/I=   0.3509E+11   0.8339  -0.4662  -0.2902; Data:   0.3396E-07  -0.5812  -0.1860   0.7799
i_ant=133, d=   315.1[m], phi=   -84.9[deg], I,Q/I,V/I,U/I=   0.2517E+11   0.8336  -0.4630  -0.2965; Data:   0.2438E-07  -0.8019  -0.3477   0.3693
i_ant=134, d=   329.6[m], phi=   -85.2[deg], I,Q/I,V/I,U/I=   0.1867E+11   0.8305  -0.4607  -0.3084; Data:   0.1808E-07  -0.4878  -0.2196   0.8339
i_ant=135, d=   348.6[m], phi=   -88.1[deg], I,Q/I,V/I,U/I=   0.1211E+11   0.8207  -0.4621  -0.3313; Data:   0.1884E-07  -0.9287  -0.2639  -0.0058
i_ant=136, d=   354.1[m], phi=   -90.9[deg], I,Q/I,V/I,U/I=   0.1053E+11   0.8155  -0.4632  -0.3424; Data:   0.1188E-07  -0.4560  -0.3752   0.7110
i_ant=137, d=   335.2[m], phi=   -95.7[deg], I,Q/I,V/I,U/I=   0.1525E+11   0.8146  -0.4663  -0.3399; Data:   0.2522E-07  -0.9204  -0.3048   0.0044
i_ant=138, d=   291.9[m], phi=   -88.3[deg], I,Q/I,V/I,U/I=   0.3874E+11   0.8338  -0.4679  -0.2879; Data:   0.2656E-07  -0.7278  -0.2461   0.6148
i_ant=139, d=   318.5[m], phi=   -83.1[deg], I,Q/I,V/I,U/I=   0.2385E+11   0.8364  -0.4597  -0.2939; Data:   0.2327E-07  -0.7809  -0.2530   0.5034
i_ant=140, d=   343.3[m], phi=   -96.2[deg], I,Q/I,V/I,U/I=   0.1275E+11   0.8119  -0.4651  -0.3478; Data:   0.1842E-07  -0.5741  -0.5464   0.5597
i_ant=141, d=   305.2[m], phi=   -97.4[deg], I,Q/I,V/I,U/I=   0.2768E+11   0.8204  -0.4711  -0.3186; Data:   0.3217E-07  -0.7487  -0.2863   0.5539
i_ant=142, d=   281.4[m], phi=   -90.6[deg], I,Q/I,V/I,U/I=   0.4661E+11   0.8324  -0.4716  -0.2859; Data:   0.3794E-07  -0.5314  -0.0709   0.8289
i_ant=143, d=   190.4[m], phi=   133.2[deg], I,Q/I,V/I,U/I=   0.1576E+12   0.9066   0.3663   0.2067; Data:   0.5332E-07  -0.4613  -0.6561   0.5398
i_ant=144, d=   192.5[m], phi=   133.8[deg], I,Q/I,V/I,U/I=   0.1511E+12   0.9066   0.3650   0.2087; Data:   0.4840E-07  -0.6832  -0.6551   0.2587
i_ant=145, d=   206.5[m], phi=   131.9[deg], I,Q/I,V/I,U/I=   0.1201E+12   0.8929   0.3841   0.2317; Data:   0.5249E-07  -0.5556  -0.5234   0.6433
i_ant=146, d=   211.8[m], phi=   127.8[deg], I,Q/I,V/I,U/I=   0.1139E+12   0.8803   0.4044   0.2444; Data:   0.4197E-07  -0.6918  -0.5904   0.4069
i_ant=147, d=   212.0[m], phi=   126.5[deg], I,Q/I,V/I,U/I=   0.1149E+12   0.8774   0.4097   0.2461; Data:   0.4605E-07  -0.7260  -0.5954   0.3206
i_ant=148, d=   204.3[m], phi=   123.9[deg], I,Q/I,V/I,U/I=   0.1334E+12   0.8769   0.4152   0.2387; Data:   0.5268E-07  -0.7706  -0.5606   0.2817
i_ant=149, d=   191.9[m], phi=   122.6[deg], I,Q/I,V/I,U/I=   0.1674E+12   0.8845   0.4091   0.2212; Data:   0.5268E-07  -0.5512  -0.6048   0.5322
i_ant=150, d=   184.1[m], phi=   122.3[deg], I,Q/I,V/I,U/I=   0.1888E+12   0.8896   0.4048   0.2083; Data:   0.4959E-07  -0.5376  -0.7696   0.3390
i_ant=151, d=   176.8[m], phi=   131.2[deg], I,Q/I,V/I,U/I=   0.1959E+12   0.9109   0.3664   0.1869; Data:   0.5994E-07  -0.4748  -0.6828   0.5416
i_ant=152, d=   176.4[m], phi=   133.8[deg], I,Q/I,V/I,U/I=   0.1931E+12   0.9167   0.3542   0.1822; Data:   0.5413E-07  -0.6911  -0.4803   0.5032
i_ant=153, d=   188.5[m], phi=   135.2[deg], I,Q/I,V/I,U/I=   0.1597E+12   0.9126   0.3550   0.1997; Data:   0.5434E-07  -0.5420  -0.6332   0.5359
i_ant=154, d=   201.2[m], phi=   134.6[deg], I,Q/I,V/I,U/I=   0.1283E+12   0.9022   0.3687   0.2207; Data:   0.5517E-07  -0.5378  -0.6714   0.4864
i_ant=155, d=   206.6[m], phi=   133.8[deg], I,Q/I,V/I,U/I=   0.1179E+12   0.8975   0.3750   0.2285; Data:   0.5771E-07  -0.3596  -0.4461   0.8035
i_ant=156, d=   216.0[m], phi=   127.7[deg], I,Q/I,V/I,U/I=   0.1068E+12   0.8775   0.4066   0.2504; Data:   0.5711E-07  -0.7421  -0.5252   0.4098
i_ant=157, d=   215.2[m], phi=   125.7[deg], I,Q/I,V/I,U/I=   0.1100E+12   0.8736   0.4143   0.2515; Data:   0.5109E-07  -0.7392  -0.5873   0.2796
i_ant=158, d=   209.5[m], phi=   122.3[deg], I,Q/I,V/I,U/I=   0.1239E+12   0.8711   0.4229   0.2459; Data:   0.4828E-07  -0.8955  -0.4118   0.1184
i_ant=159, d=   196.7[m], phi=   120.7[deg], I,Q/I,V/I,U/I=   0.1565E+12   0.8771   0.4198   0.2300; Data:   0.6396E-07  -0.6771  -0.4665   0.5559
i_ant=160, d=   187.5[m], phi=   120.3[deg], I,Q/I,V/I,U/I=   0.1830E+12   0.8844   0.4126   0.2150; Data:   0.5286E-07  -0.7022  -0.4569   0.5351
i_ant=161, d=   177.0[m], phi=   121.9[deg], I,Q/I,V/I,U/I=   0.2102E+12   0.8945   0.4003   0.1963; Data:   0.5228E-07  -0.4990  -0.6555   0.5011
i_ant=162, d=   166.0[m], phi=   125.8[deg], I,Q/I,V/I,U/I=   0.2403E+12   0.9083   0.3792   0.1741; Data:   0.4949E-07  -0.4111  -0.6477   0.6246
i_ant=163, d=   168.0[m], phi=   131.8[deg], I,Q/I,V/I,U/I=   0.2235E+12   0.9179   0.3569   0.1708; Data:   0.6050E-07  -0.3419  -0.6228   0.6970
i_ant=164, d=   184.7[m], phi=   137.1[deg], I,Q/I,V/I,U/I=   0.1663E+12   0.9191   0.3438   0.1898; Data:   0.6155E-07  -0.5091  -0.7412   0.3223
i_ant=165, d=   199.2[m], phi=   136.6[deg], I,Q/I,V/I,U/I=   0.1306E+12   0.9086   0.3570   0.2139; Data:   0.4990E-07  -0.6494  -0.6892   0.2966
i_ant=166, d=   206.9[m], phi=   136.0[deg], I,Q/I,V/I,U/I=   0.1152E+12   0.9034   0.3634   0.2241; Data:   0.6482E-07  -0.6619  -0.4193   0.6157
i_ant=167, d=   219.2[m], phi=   132.2[deg], I,Q/I,V/I,U/I=   0.9767E+11   0.8862   0.3885   0.2486; Data:   0.6285E-07  -0.6032  -0.7255   0.3199
i_ant=168, d=   226.2[m], phi=   128.0[deg], I,Q/I,V/I,U/I=   0.9029E+11   0.8726   0.4092   0.2625; Data:   0.5570E-07  -0.6744  -0.6558   0.3131
i_ant=169, d=   224.4[m], phi=   124.9[deg], I,Q/I,V/I,U/I=   0.9552E+11   0.8667   0.4207   0.2639; Data:   0.4092E-07  -0.7081  -0.4987   0.4924
i_ant=170, d=   193.6[m], phi=   118.0[deg], I,Q/I,V/I,U/I=   0.1692E+12   0.8764   0.4238   0.2256; Data:   0.5510E-07  -0.4401  -0.5096   0.7286
i_ant=171, d=   169.5[m], phi=   119.7[deg], I,Q/I,V/I,U/I=   0.2403E+12   0.8977   0.3991   0.1838; Data:   0.6127E-07  -0.6790  -0.4940   0.5287
i_ant=172, d=   165.5[m], phi=   122.2[deg], I,Q/I,V/I,U/I=   0.2488E+12   0.9031   0.3906   0.1759; Data:   0.6523E-07  -0.7275  -0.5204   0.4396
i_ant=173, d=   159.0[m], phi=   129.0[deg], I,Q/I,V/I,U/I=   0.2573E+12   0.9168   0.3650   0.1594; Data:   0.5159E-07  -0.5453  -0.7936   0.2630
i_ant=174, d=   162.9[m], phi=   130.9[deg], I,Q/I,V/I,U/I=   0.2412E+12   0.9185   0.3589   0.1638; Data:   0.5379E-07  -0.5022  -0.7440   0.4320
i_ant=175, d=   157.8[m], phi=   132.2[deg], I,Q/I,V/I,U/I=   0.2553E+12   0.9234   0.3511   0.1529; Data:   0.5210E-07  -0.3212  -0.6566   0.6604
i_ant=176, d=   187.7[m], phi=   140.3[deg], I,Q/I,V/I,U/I=   0.1555E+12   0.9257   0.3274   0.1870; Data:   0.5453E-07  -0.6147  -0.6016   0.5032
i_ant=177, d=   211.6[m], phi=   137.6[deg], I,Q/I,V/I,U/I=   0.1053E+12   0.9055   0.3570   0.2261; Data:   0.5310E-07  -0.6127  -0.5659   0.5409
i_ant=178, d=   231.1[m], phi=   130.3[deg], I,Q/I,V/I,U/I=   0.8109E+11   0.8762   0.4002   0.2644; Data:   0.5876E-07  -0.7907  -0.3415   0.4893
i_ant=179, d=   219.7[m], phi=   119.4[deg], I,Q/I,V/I,U/I=   0.1085E+12   0.8591   0.4374   0.2617; Data:   0.4210E-07  -0.7031  -0.5352   0.4465
i_ant=180, d=   183.4[m], phi=   115.7[deg], I,Q/I,V/I,U/I=   0.2014E+12   0.8818   0.4212   0.2090; Data:   0.6041E-07  -0.6513  -0.5076   0.5452
i_ant=181, d=   153.7[m], phi=   126.3[deg], I,Q/I,V/I,U/I=   0.2804E+12   0.9158   0.3714   0.1505; Data:   0.4734E-07  -0.4651  -0.4998   0.6838
i_ant=182, d=   426.9[m], phi=   148.6[deg], I,Q/I,V/I,U/I=   0.1263E+10   0.9148   0.2378   0.3234; Data:   0.9603E-08  -0.9343  -0.3211  -0.0671
i_ant=183, d=   428.3[m], phi=   149.0[deg], I,Q/I,V/I,U/I=   0.1221E+10   0.9163   0.2351   0.3212; Data:   0.1035E-07  -0.8714   0.3832   0.0125
i_ant=184, d=   443.5[m], phi=   148.6[deg], I,Q/I,V/I,U/I=   0.8546E+09   0.9140   0.2359   0.3275; Data:   0.6770E-08  -0.5523   0.0941  -0.4524
i_ant=185, d=   452.3[m], phi=   146.9[deg], I,Q/I,V/I,U/I=   0.7025E+09   0.9059   0.2465   0.3418; Data:   0.1044E-07  -0.3634   0.5622  -0.5750
i_ant=186, d=   436.7[m], phi=   144.1[deg], I,Q/I,V/I,U/I=   0.1033E+10   0.8947   0.2658   0.3559; Data:   0.8489E-08  -0.8662   0.1260   0.0450
i_ant=187, d=   418.4[m], phi=   145.1[deg], I,Q/I,V/I,U/I=   0.1581E+10   0.8998   0.2634   0.3441; Data:   0.1450E-07  -0.8191  -0.2037  -0.5224
i_ant=188, d=   413.7[m], phi=   146.0[deg], I,Q/I,V/I,U/I=   0.1755E+10   0.9042   0.2591   0.3359; Data:   0.1887E-07  -0.9127   0.1656  -0.2893
i_ant=189, d=   415.7[m], phi=   147.3[deg], I,Q/I,V/I,U/I=   0.1662E+10   0.9097   0.2497   0.3283; Data:   0.1236E-07  -0.8802  -0.3817  -0.1234
i_ant=190, d=   423.1[m], phi=   149.4[deg], I,Q/I,V/I,U/I=   0.1378E+10   0.9185   0.2331   0.3163; Data:   0.1043E-07  -0.8160   0.1297  -0.1482
i_ant=191, d=   435.6[m], phi=   149.7[deg], I,Q/I,V/I,U/I=   0.1021E+10   0.9190   0.2293   0.3180; Data:   0.1073E-07  -0.8513   0.1920  -0.4648
i_ant=192, d=   441.7[m], phi=   149.5[deg], I,Q/I,V/I,U/I=   0.8846E+09   0.9179   0.2300   0.3208; Data:   0.7907E-08  -0.4543   0.0818  -0.8759
i_ant=193, d=   449.4[m], phi=   149.1[deg], I,Q/I,V/I,U/I=   0.7390E+09   0.9153   0.2331   0.3259; Data:   0.5607E-08  -0.6795  -0.1646  -0.5420
i_ant=194, d=   456.3[m], phi=   147.0[deg], I,Q/I,V/I,U/I=   0.6405E+09   0.9064   0.2440   0.3421; Data:   0.4548E-08  -0.7663   0.5691  -0.1910
i_ant=195, d=   457.3[m], phi=   146.0[deg], I,Q/I,V/I,U/I=   0.6303E+09   0.9021   0.2500   0.3490; Data:   0.3481E-08  -0.8154   0.2683   0.3523
i_ant=196, d=   454.1[m], phi=   144.4[deg], I,Q/I,V/I,U/I=   0.6872E+09   0.8947   0.2622   0.3589; Data:   0.9320E-08  -0.9803   0.0105   0.0697
i_ant=197, d=   422.6[m], phi=   143.5[deg], I,Q/I,V/I,U/I=   0.1451E+10   0.8927   0.2725   0.3554; Data:   0.9378E-08  -0.7762  -0.1960  -0.4285
i_ant=198, d=   409.5[m], phi=   144.7[deg], I,Q/I,V/I,U/I=   0.1952E+10   0.8993   0.2685   0.3414; Data:   0.9750E-08  -0.9165  -0.3063  -0.1040
i_ant=199, d=   406.9[m], phi=   147.2[deg], I,Q/I,V/I,U/I=   0.2040E+10   0.9098   0.2534   0.3251; Data:   0.2143E-07  -0.9804   0.0741  -0.1273
i_ant=200, d=   404.7[m], phi=   149.1[deg], I,Q/I,V/I,U/I=   0.2116E+10   0.9180   0.2412   0.3113; Data:   0.1303E-07  -0.8558   0.1492  -0.1281
i_ant=201, d=   431.7[m], phi=   150.5[deg], I,Q/I,V/I,U/I=   0.1115E+10   0.9226   0.2242   0.3109; Data:   0.9424E-08  -0.4784  -0.2193  -0.6352
i_ant=202, d=   439.6[m], phi=   150.5[deg], I,Q/I,V/I,U/I=   0.9233E+09   0.9225   0.2229   0.3124; Data:   0.6500E-08  -0.9612  -0.0057  -0.0348
i_ant=203, d=   466.0[m], phi=   147.4[deg], I,Q/I,V/I,U/I=   0.5127E+09   0.9085   0.2364   0.3419; Data:   0.7893E-08  -0.3009  -0.4464  -0.8179
i_ant=204, d=   466.8[m], phi=   145.9[deg], I,Q/I,V/I,U/I=   0.5082E+09   0.9020   0.2454   0.3523; Data:   0.6277E-08  -0.7788  -0.0357  -0.5282
i_ant=205, d=   461.1[m], phi=   145.0[deg], I,Q/I,V/I,U/I=   0.5818E+09   0.8978   0.2545   0.3567; Data:   0.5691E-08  -0.7413   0.1436  -0.6038
i_ant=206, d=   416.5[m], phi=   142.4[deg], I,Q/I,V/I,U/I=   0.1689E+10   0.8887   0.2811   0.3585; Data:   0.8460E-08  -0.7020  -0.3947   0.4601
i_ant=207, d=   411.3[m], phi=   143.3[deg], I,Q/I,V/I,U/I=   0.1892E+10   0.8929   0.2773   0.3508; Data:   0.1270E-07  -0.8325  -0.3287  -0.1127
i_ant=208, d=   400.5[m], phi=   145.7[deg], I,Q/I,V/I,U/I=   0.2374E+10   0.9039   0.2651   0.3319; Data:   0.1343E-07  -0.6907  -0.1483  -0.6008
i_ant=209, d=   468.6[m], phi=   148.7[deg], I,Q/I,V/I,U/I=   0.4784E+09   0.9142   0.2265   0.3333; Data:   0.5308E-08  -0.4957   0.4542  -0.6183
i_ant=210, d=   465.8[m], phi=   143.2[deg], I,Q/I,V/I,U/I=   0.5295E+09   0.8902   0.2630   0.3691; Data:   0.4227E-08  -0.7071   0.2792  -0.4894
i_ant=211, d=   446.1[m], phi=   142.0[deg], I,Q/I,V/I,U/I=   0.8418E+09   0.8846   0.2790   0.3707; Data:   0.9650E-08  -0.8421   0.2745  -0.3861
i_ant=212, d=   431.9[m], phi=   141.0[deg], I,Q/I,V/I,U/I=   0.1186E+10   0.8816   0.2859   0.3721; Data:   0.1235E-07  -0.8783   0.4256  -0.1748
 Calculate observables on a grid distance=   10.000000000000000       [m], polar= T
   start    endgame @ 14:10:33.187 -------------------------
   MGMR3D, run on 19/ 7/2025 , stopped at 14:10:33.187 -------------------------
RadRedChisq; all= 31.215    ; I= 14.494    ; Q= 71.709    ; U= 14.152    ; V= 24.504    ; norm=0.29572E-10; ReNorm=0.63714E-14
